<?xml version="1.0" encoding="UTF-8"?>
<testng-results ignored="0" total="2" passed="2" failed="0" skipped="0">
  <reporter-output>
  </reporter-output>
  <suite started-at="2021-09-14T17:57:39 IST" name="Default suite" finished-at="2021-09-14T17:58:24 IST" duration-ms="45052">
    <groups>
    </groups>
    <test started-at="2021-09-14T17:57:39 IST" name="Default test" finished-at="2021-09-14T17:58:24 IST" duration-ms="45052">
      <class name="Course.Automation.Enroll">
        <test-method is-config="true" signature="testLogin()[pri:0, instance:Course.Automation.Enroll@48974e45]" started-at="2021-09-14T17:57:39 IST" name="testLogin" finished-at="2021-09-14T17:57:41 IST" duration-ms="2005" status="PASS">
          <reporter-output>
          </reporter-output>
        </test-method> <!-- testLogin -->
        <test-method signature="checkLogin()[pri:1, instance:Course.Automation.Enroll@48974e45]" started-at="2021-09-14T17:57:41 IST" name="checkLogin" finished-at="2021-09-14T17:58:09 IST" duration-ms="28221" status="PASS">
          <reporter-output>
          </reporter-output>
        </test-method> <!-- checkLogin -->
        <test-method signature="enroll()[pri:2, instance:Course.Automation.Enroll@48974e45]" started-at="2021-09-14T17:58:09 IST" name="enroll" finished-at="2021-09-14T17:58:20 IST" duration-ms="10662" status="PASS">
          <reporter-output>
          </reporter-output>
        </test-method> <!-- enroll -->
        <test-method is-config="true" signature="tearDown()[pri:0, instance:Course.Automation.Enroll@48974e45]" started-at="2021-09-14T17:58:20 IST" name="tearDown" finished-at="2021-09-14T17:58:24 IST" duration-ms="4136" status="PASS">
          <reporter-output>
          </reporter-output>
        </test-method> <!-- tearDown -->
      </class> <!-- Course.Automation.Enroll -->
    </test> <!-- Default test -->
  </suite> <!-- Default suite -->
</testng-results>
