<?xml version="1.0" encoding="UTF-8"?>
<testng-results ignored="0" total="2" passed="2" failed="0" skipped="0">
  <reporter-output>
  </reporter-output>
  <suite started-at="2021-09-14T17:07:02 IST" name="Default suite" finished-at="2021-09-14T17:08:49 IST" duration-ms="106997">
    <groups>
    </groups>
    <test started-at="2021-09-14T17:07:02 IST" name="Default test" finished-at="2021-09-14T17:08:49 IST" duration-ms="106997">
      <class name="yas.Admin.CreateCourseTest">
        <test-method is-config="true" signature="launchBrowser()[pri:0, instance:yas.Admin.CreateCourseTest@5f9b2141]" started-at="2021-09-14T17:07:02 IST" name="launchBrowser" finished-at="2021-09-14T17:07:12 IST" duration-ms="9595" status="PASS">
          <reporter-output>
          </reporter-output>
        </test-method> <!-- launchBrowser -->
        <test-method signature="checkLogin()[pri:1, instance:yas.Admin.CreateCourseTest@5f9b2141]" started-at="2021-09-14T17:07:12 IST" name="checkLogin" finished-at="2021-09-14T17:07:18 IST" duration-ms="5990" status="PASS">
          <reporter-output>
          </reporter-output>
        </test-method> <!-- checkLogin -->
        <test-method signature="createCourse()[pri:2, instance:yas.Admin.CreateCourseTest@5f9b2141]" started-at="2021-09-14T17:07:18 IST" name="createCourse" finished-at="2021-09-14T17:08:49 IST" duration-ms="91289" status="PASS">
          <reporter-output>
          </reporter-output>
        </test-method> <!-- createCourse -->
        <test-method is-config="true" signature="closeBrowser()[pri:0, instance:yas.Admin.CreateCourseTest@5f9b2141]" started-at="2021-09-14T17:08:49 IST" name="closeBrowser" finished-at="2021-09-14T17:08:49 IST" duration-ms="89" status="PASS">
          <reporter-output>
          </reporter-output>
        </test-method> <!-- closeBrowser -->
      </class> <!-- yas.Admin.CreateCourseTest -->
    </test> <!-- Default test -->
  </suite> <!-- Default suite -->
</testng-results>
